This is pdfTeX, Version 3.141592653-2.6-1.40.25 (MiKTeX 24.1) (preloaded format=pdflatex 2026.2.27)  11 MAR 2026 14:25
entering extended mode
 restricted \write18 enabled.
 %&-line parsing enabled.
**./BAYAS_report_1.tex
(BAYAS_report_1.tex
LaTeX2e <2023-11-01> patch level 1
L3 programming layer <2024-01-04>
(C:\Progs\Entwicklung\Miktex\tex/latex/koma-script\scrartcl.cls
Document Class: scrartcl 2026/02/02 v3.49.2 KOMA-Script document class (article
)
(C:\Progs\Entwicklung\Miktex\tex/latex/koma-script\scrkbase.sty
Package: scrkbase 2026/02/02 v3.49.2 KOMA-Script package (KOMA-Script-dependent
 basics and keyval usage)
(C:\Progs\Entwicklung\Miktex\tex/latex/koma-script\scrbase.sty
Package: scrbase 2026/02/02 v3.49.2 KOMA-Script package (KOMA-Script-independen
t basics and keyval usage)
(C:\Progs\Entwicklung\Miktex\tex/latex/koma-script\scrlfile.sty
Package: scrlfile 2026/02/02 v3.49.2 KOMA-Script package (file load hooks)
(C:\Progs\Entwicklung\Miktex\tex/latex/koma-script\scrlfile-hook.sty
Package: scrlfile-hook 2026/02/02 v3.49.2 KOMA-Script package (using LaTeX hook
s)
(C:\Progs\Entwicklung\Miktex\tex/latex/koma-script\scrlogo.sty
Package: scrlogo 2026/02/02 v3.49.2 KOMA-Script package (logo)
))) (C:\Progs\Entwicklung\Miktex\tex/latex/graphics\keyval.sty
Package: keyval 2022/05/29 v1.15 key=value parser (DPC)
\KV@toks@=\toks17
)
Applying: [2021/05/01] Usage of raw or classic option list on input line 254.
Already applied: [0000/00/00] Usage of raw or classic option list on input line
 370.
)) (C:\Progs\Entwicklung\Miktex\tex/latex/koma-script\tocbasic.sty
Package: tocbasic 2026/02/02 v3.49.2 KOMA-Script package (handling toc-files)
\scr@dte@tocline@numberwidth=\skip48
\scr@dte@tocline@numbox=\box51
)
Package tocbasic Info: omitting babel extension for `toc'
(tocbasic)             because of feature `nobabel' available
(tocbasic)             for `toc' on input line 141.
Package scrartcl Info: You've used standard option `11pt'.
(scrartcl)             This is correct!
(scrartcl)             Internally I'm using `fontsize=11pt'.
(scrartcl)             If you'd like to set the option with \KOMAoptions,
(scrartcl)             you'd have to use `fontsize=11pt' there
(scrartcl)             instead of `11pt', too.
Class scrartcl Info: File `scrsize11pt.clo' used to setup font sizes on input l
ine 2489.
(C:\Progs\Entwicklung\Miktex\tex/latex/koma-script\scrsize11pt.clo
File: scrsize11pt.clo 2026/02/02 v3.49.2 KOMA-Script font size class option (11
pt)
) (C:\Progs\Entwicklung\Miktex\tex/latex/koma-script\typearea.sty
Package: typearea 2026/02/02 v3.49.2 KOMA-Script package (type area)
\ta@bcor=\skip49
\ta@div=\count187
\ta@hblk=\skip50
\ta@vblk=\skip51
\ta@temp=\skip52
\footheight=\skip53
Package typearea Info: These are the values describing the layout:
(typearea)             DIV  = 10
(typearea)             BCOR = 0.0pt
(typearea)             \paperwidth      = 597.50793pt
(typearea)              \textwidth      = 418.25555pt
(typearea)              DIV departure   = -6%
(typearea)              \evensidemargin = 17.3562pt
(typearea)              \oddsidemargin  = 17.3562pt
(typearea)             \paperheight     = 845.04694pt
(typearea)              \textheight     = 595.80026pt
(typearea)              \topmargin      = -25.16531pt
(typearea)              \headheight     = 17.0pt
(typearea)              \headsep        = 20.40001pt
(typearea)              \topskip        = 11.0pt
(typearea)              \footskip       = 47.6pt
(typearea)              \baselineskip   = 13.6pt
(typearea)              on input line 1810.
)
\c@part=\count188
\c@section=\count189
\c@subsection=\count190
\c@subsubsection=\count191
\c@paragraph=\count192
\c@subparagraph=\count193
\scr@dte@section@maxnumwidth=\skip54
Class scrartcl Info: using compatibility default `runin=bysign'
(scrartcl)           for `\section on input line 5015.
Class scrartcl Info: using compatibility default `afterindent=bysign'
(scrartcl)           for `\section on input line 5015.
\scr@dte@part@maxnumwidth=\skip55
Class scrartcl Info: using compatibility default `afterindent=false'
(scrartcl)           for `\part on input line 5023.
\scr@dte@subsection@maxnumwidth=\skip56
Class scrartcl Info: using compatibility default `runin=bysign'
(scrartcl)           for `\subsection on input line 5033.
Class scrartcl Info: using compatibility default `afterindent=bysign'
(scrartcl)           for `\subsection on input line 5033.
\scr@dte@subsubsection@maxnumwidth=\skip57
Class scrartcl Info: using compatibility default `runin=bysign'
(scrartcl)           for `\subsubsection on input line 5043.
Class scrartcl Info: using compatibility default `afterindent=bysign'
(scrartcl)           for `\subsubsection on input line 5043.
\scr@dte@paragraph@maxnumwidth=\skip58
Class scrartcl Info: using compatibility default `runin=bysign'
(scrartcl)           for `\paragraph on input line 5054.
Class scrartcl Info: using compatibility default `afterindent=bysign'
(scrartcl)           for `\paragraph on input line 5054.
\scr@dte@subparagraph@maxnumwidth=\skip59
Class scrartcl Info: using compatibility default `runin=bysign'
(scrartcl)           for `\subparagraph on input line 5064.
Class scrartcl Info: using compatibility default `afterindent=bysign'
(scrartcl)           for `\subparagraph on input line 5064.
\abovecaptionskip=\skip60
\belowcaptionskip=\skip61
\c@pti@nb@sid@b@x=\box52
Package tocbasic Info: omitting babel extension for `lof'
(tocbasic)             because of feature `nobabel' available
(tocbasic)             for `lof' on input line 6287.
\scr@dte@figure@maxnumwidth=\skip62
\c@figure=\count194
Package tocbasic Info: omitting babel extension for `lot'
(tocbasic)             because of feature `nobabel' available
(tocbasic)             for `lot' on input line 6299.
\scr@dte@table@maxnumwidth=\skip63
\c@table=\count195
Class scrartcl Info: Redefining `\numberline' on input line 6469.
\bibindent=\dimen140
) (C:\Progs\Entwicklung\Miktex\tex/latex/graphics\graphicx.sty
Package: graphicx 2021/09/16 v1.2d Enhanced LaTeX Graphics (DPC,SPQR)
(C:\Progs\Entwicklung\Miktex\tex/latex/graphics\graphics.sty
Package: graphics 2022/03/10 v1.4e Standard LaTeX Graphics (DPC,SPQR)
(C:\Progs\Entwicklung\Miktex\tex/latex/graphics\trig.sty
Package: trig 2021/08/11 v1.11 sin cos tan (DPC)
) (C:\Progs\Entwicklung\Miktex\tex/latex/graphics-cfg\graphics.cfg
File: graphics.cfg 2016/06/04 v1.11 sample graphics configuration
)
Package graphics Info: Driver file: pdftex.def on input line 107.
(C:\Progs\Entwicklung\Miktex\tex/latex/graphics-def\pdftex.def
File: pdftex.def 2022/09/22 v1.2b Graphics/color driver for pdftex
))
\Gin@req@height=\dimen141
\Gin@req@width=\dimen142
) (C:\Progs\Entwicklung\Miktex\tex/latex/xcolor\xcolor.sty
Package: xcolor 2023/11/15 v3.01 LaTeX color extensions (UK)
(C:\Progs\Entwicklung\Miktex\tex/latex/graphics-cfg\color.cfg
File: color.cfg 2016/01/02 v1.6 sample color configuration
)
Package xcolor Info: Driver file: pdftex.def on input line 274.
(C:\Progs\Entwicklung\Miktex\tex/latex/graphics\mathcolor.ltx)
Package xcolor Info: Model `cmy' substituted by `cmy0' on input line 1350.
Package xcolor Info: Model `hsb' substituted by `rgb' on input line 1354.
Package xcolor Info: Model `RGB' extended on input line 1366.
Package xcolor Info: Model `HTML' substituted by `rgb' on input line 1368.
Package xcolor Info: Model `Hsb' substituted by `hsb' on input line 1369.
Package xcolor Info: Model `tHsb' substituted by `hsb' on input line 1370.
Package xcolor Info: Model `HSB' substituted by `hsb' on input line 1371.
Package xcolor Info: Model `Gray' substituted by `gray' on input line 1372.
Package xcolor Info: Model `wave' substituted by `hsb' on input line 1373.
) (C:\Progs\Entwicklung\Miktex\tex/latex/colortbl\colortbl.sty
Package: colortbl 2024/10/29 v1.0k Color table columns (DPC)
(C:\Progs\Entwicklung\Miktex\tex/latex/tools\array.sty
Package: array 2023/10/16 v2.5g Tabular extension package (FMi)
\col@sep=\dimen143
\ar@mcellbox=\box53
\extrarowheight=\dimen144
\NC@list=\toks18
\extratabsurround=\skip64
\backup@length=\skip65
\ar@cellbox=\box54
)
\everycr=\toks19
\minrowclearance=\skip66
\rownum=\count196
) (C:\Progs\Entwicklung\Miktex\tex/latex/framed\framed.sty
Package: framed 2011/10/22 v 0.96: framed or shaded text with page breaks
\OuterFrameSep=\skip67
\fb@frw=\dimen145
\fb@frh=\dimen146
\FrameRule=\dimen147
\FrameSep=\dimen148
) (C:\Progs\Entwicklung\Miktex\tex/latex/base\alltt.sty
Package: alltt 2021/01/29 v2.0g defines alltt environment
) (C:\Progs\Entwicklung\Miktex\tex/latex/amsmath\amsmath.sty
Package: amsmath 2023/05/13 v2.17o AMS math features
\@mathmargin=\skip68
For additional information on amsmath, use the `?' option.
(C:\Progs\Entwicklung\Miktex\tex/latex/amsmath\amstext.sty
Package: amstext 2021/08/26 v2.01 AMS text
(C:\Progs\Entwicklung\Miktex\tex/latex/amsmath\amsgen.sty
File: amsgen.sty 1999/11/30 v2.0 generic functions
\@emptytoks=\toks20
\ex@=\dimen149
)) (C:\Progs\Entwicklung\Miktex\tex/latex/amsmath\amsbsy.sty
Package: amsbsy 1999/11/29 v1.2d Bold Symbols
\pmbraise@=\dimen150
) (C:\Progs\Entwicklung\Miktex\tex/latex/amsmath\amsopn.sty
Package: amsopn 2022/04/08 v2.04 operator names
)
\inf@bad=\count197
LaTeX Info: Redefining \frac on input line 234.
\uproot@=\count198
\leftroot@=\count199
LaTeX Info: Redefining \overline on input line 399.
LaTeX Info: Redefining \colon on input line 410.
\classnum@=\count266
\DOTSCASE@=\count267
LaTeX Info: Redefining \ldots on input line 496.
LaTeX Info: Redefining \dots on input line 499.
LaTeX Info: Redefining \cdots on input line 620.
\Mathstrutbox@=\box55
\strutbox@=\box56
LaTeX Info: Redefining \big on input line 722.
LaTeX Info: Redefining \Big on input line 723.
LaTeX Info: Redefining \bigg on input line 724.
LaTeX Info: Redefining \Bigg on input line 725.
\big@size=\dimen151
LaTeX Font Info:    Redeclaring font encoding OML on input line 743.
LaTeX Font Info:    Redeclaring font encoding OMS on input line 744.
\macc@depth=\count268
LaTeX Info: Redefining \bmod on input line 905.
LaTeX Info: Redefining \pmod on input line 910.
LaTeX Info: Redefining \smash on input line 940.
LaTeX Info: Redefining \relbar on input line 970.
LaTeX Info: Redefining \Relbar on input line 971.
\c@MaxMatrixCols=\count269
\dotsspace@=\muskip16
\c@parentequation=\count270
\dspbrk@lvl=\count271
\tag@help=\toks21
\row@=\count272
\column@=\count273
\maxfields@=\count274
\andhelp@=\toks22
\eqnshift@=\dimen152
\alignsep@=\dimen153
\tagshift@=\dimen154
\tagwidth@=\dimen155
\totwidth@=\dimen156
\lineht@=\dimen157
\@envbody=\toks23
\multlinegap=\skip69
\multlinetaggap=\skip70
\mathdisplay@stack=\toks24
LaTeX Info: Redefining \[ on input line 2953.
LaTeX Info: Redefining \] on input line 2954.
) (C:\Progs\Entwicklung\Miktex\tex/latex/float\float.sty
Package: float 2001/11/08 v1.3d Float enhancements (AL)
\c@float@type=\count275
\float@exts=\toks25
\float@box=\box57
\@float@everytoks=\toks26
\@floatcapt=\box58
) (C:\Progs\Entwicklung\Miktex\tex/latex/pgf/frontendlayer\tikz.sty (C:\Progs\E
ntwicklung\Miktex\tex/latex/pgf/basiclayer\pgf.sty (C:\Progs\Entwicklung\Miktex
\tex/latex/pgf/utilities\pgfrcs.sty (C:\Progs\Entwicklung\Miktex\tex/generic/pg
f/utilities\pgfutil-common.tex
\pgfutil@everybye=\toks27
\pgfutil@tempdima=\dimen158
\pgfutil@tempdimb=\dimen159
) (C:\Progs\Entwicklung\Miktex\tex/generic/pgf/utilities\pgfutil-latex.def
\pgfutil@abb=\box59
) (C:\Progs\Entwicklung\Miktex\tex/generic/pgf/utilities\pgfrcs.code.tex (C:\Pr
ogs\Entwicklung\Miktex\tex/generic/pgf\pgf.revision.tex)
Package: pgfrcs 2023-01-15 v3.1.10 (3.1.10)
))
Package: pgf 2023-01-15 v3.1.10 (3.1.10)
(C:\Progs\Entwicklung\Miktex\tex/latex/pgf/basiclayer\pgfcore.sty (C:\Progs\Ent
wicklung\Miktex\tex/latex/pgf/systemlayer\pgfsys.sty (C:\Progs\Entwicklung\Mikt
ex\tex/generic/pgf/systemlayer\pgfsys.code.tex
Package: pgfsys 2023-01-15 v3.1.10 (3.1.10)
(C:\Progs\Entwicklung\Miktex\tex/generic/pgf/utilities\pgfkeys.code.tex
\pgfkeys@pathtoks=\toks28
\pgfkeys@temptoks=\toks29

(C:\Progs\Entwicklung\Miktex\tex/generic/pgf/utilities\pgfkeyslibraryfiltered.c
ode.tex
\pgfkeys@tmptoks=\toks30
))
\pgf@x=\dimen160
\pgf@y=\dimen161
\pgf@xa=\dimen162
\pgf@ya=\dimen163
\pgf@xb=\dimen164
\pgf@yb=\dimen165
\pgf@xc=\dimen166
\pgf@yc=\dimen167
\pgf@xd=\dimen168
\pgf@yd=\dimen169
\w@pgf@writea=\write3
\r@pgf@reada=\read2
\c@pgf@counta=\count276
\c@pgf@countb=\count277
\c@pgf@countc=\count278
\c@pgf@countd=\count279
\t@pgf@toka=\toks31
\t@pgf@tokb=\toks32
\t@pgf@tokc=\toks33
\pgf@sys@id@count=\count280
(C:\Progs\Entwicklung\Miktex\tex/generic/pgf/systemlayer\pgf.cfg
File: pgf.cfg 2023-01-15 v3.1.10 (3.1.10)
)
Driver file for pgf: pgfsys-pdftex.def
(C:\Progs\Entwicklung\Miktex\tex/generic/pgf/systemlayer\pgfsys-pdftex.def
File: pgfsys-pdftex.def 2023-01-15 v3.1.10 (3.1.10)
(C:\Progs\Entwicklung\Miktex\tex/generic/pgf/systemlayer\pgfsys-common-pdf.def
File: pgfsys-common-pdf.def 2023-01-15 v3.1.10 (3.1.10)
)))
(C:\Progs\Entwicklung\Miktex\tex/generic/pgf/systemlayer\pgfsyssoftpath.code.te
x
File: pgfsyssoftpath.code.tex 2023-01-15 v3.1.10 (3.1.10)
\pgfsyssoftpath@smallbuffer@items=\count281
\pgfsyssoftpath@bigbuffer@items=\count282
)
(C:\Progs\Entwicklung\Miktex\tex/generic/pgf/systemlayer\pgfsysprotocol.code.te
x
File: pgfsysprotocol.code.tex 2023-01-15 v3.1.10 (3.1.10)
)) (C:\Progs\Entwicklung\Miktex\tex/generic/pgf/basiclayer\pgfcore.code.tex
Package: pgfcore 2023-01-15 v3.1.10 (3.1.10)
(C:\Progs\Entwicklung\Miktex\tex/generic/pgf/math\pgfmath.code.tex (C:\Progs\En
twicklung\Miktex\tex/generic/pgf/math\pgfmathutil.code.tex) (C:\Progs\Entwicklu
ng\Miktex\tex/generic/pgf/math\pgfmathparser.code.tex
\pgfmath@dimen=\dimen170
\pgfmath@count=\count283
\pgfmath@box=\box60
\pgfmath@toks=\toks34
\pgfmath@stack@operand=\toks35
\pgfmath@stack@operation=\toks36
) (C:\Progs\Entwicklung\Miktex\tex/generic/pgf/math\pgfmathfunctions.code.tex)
(C:\Progs\Entwicklung\Miktex\tex/generic/pgf/math\pgfmathfunctions.basic.code.t
ex)
(C:\Progs\Entwicklung\Miktex\tex/generic/pgf/math\pgfmathfunctions.trigonometri
c.code.tex)
(C:\Progs\Entwicklung\Miktex\tex/generic/pgf/math\pgfmathfunctions.random.code.
tex)
(C:\Progs\Entwicklung\Miktex\tex/generic/pgf/math\pgfmathfunctions.comparison.c
ode.tex)
(C:\Progs\Entwicklung\Miktex\tex/generic/pgf/math\pgfmathfunctions.base.code.te
x)
(C:\Progs\Entwicklung\Miktex\tex/generic/pgf/math\pgfmathfunctions.round.code.t
ex)
(C:\Progs\Entwicklung\Miktex\tex/generic/pgf/math\pgfmathfunctions.misc.code.te
x)
(C:\Progs\Entwicklung\Miktex\tex/generic/pgf/math\pgfmathfunctions.integerarith
metics.code.tex) (C:\Progs\Entwicklung\Miktex\tex/generic/pgf/math\pgfmathcalc.
code.tex) (C:\Progs\Entwicklung\Miktex\tex/generic/pgf/math\pgfmathfloat.code.t
ex
\c@pgfmathroundto@lastzeros=\count284
)) (C:\Progs\Entwicklung\Miktex\tex/generic/pgf/math\pgfint.code.tex) (C:\Progs
\Entwicklung\Miktex\tex/generic/pgf/basiclayer\pgfcorepoints.code.tex
File: pgfcorepoints.code.tex 2023-01-15 v3.1.10 (3.1.10)
\pgf@picminx=\dimen171
\pgf@picmaxx=\dimen172
\pgf@picminy=\dimen173
\pgf@picmaxy=\dimen174
\pgf@pathminx=\dimen175
\pgf@pathmaxx=\dimen176
\pgf@pathminy=\dimen177
\pgf@pathmaxy=\dimen178
\pgf@xx=\dimen179
\pgf@xy=\dimen180
\pgf@yx=\dimen181
\pgf@yy=\dimen182
\pgf@zx=\dimen183
\pgf@zy=\dimen184
)
(C:\Progs\Entwicklung\Miktex\tex/generic/pgf/basiclayer\pgfcorepathconstruct.co
de.tex
File: pgfcorepathconstruct.code.tex 2023-01-15 v3.1.10 (3.1.10)
\pgf@path@lastx=\dimen185
\pgf@path@lasty=\dimen186
)
(C:\Progs\Entwicklung\Miktex\tex/generic/pgf/basiclayer\pgfcorepathusage.code.t
ex
File: pgfcorepathusage.code.tex 2023-01-15 v3.1.10 (3.1.10)
\pgf@shorten@end@additional=\dimen187
\pgf@shorten@start@additional=\dimen188
) (C:\Progs\Entwicklung\Miktex\tex/generic/pgf/basiclayer\pgfcorescopes.code.te
x
File: pgfcorescopes.code.tex 2023-01-15 v3.1.10 (3.1.10)
\pgfpic=\box61
\pgf@hbox=\box62
\pgf@layerbox@main=\box63
\pgf@picture@serial@count=\count285
)
(C:\Progs\Entwicklung\Miktex\tex/generic/pgf/basiclayer\pgfcoregraphicstate.cod
e.tex
File: pgfcoregraphicstate.code.tex 2023-01-15 v3.1.10 (3.1.10)
\pgflinewidth=\dimen189
)
(C:\Progs\Entwicklung\Miktex\tex/generic/pgf/basiclayer\pgfcoretransformations.
code.tex
File: pgfcoretransformations.code.tex 2023-01-15 v3.1.10 (3.1.10)
\pgf@pt@x=\dimen190
\pgf@pt@y=\dimen191
\pgf@pt@temp=\dimen192
) (C:\Progs\Entwicklung\Miktex\tex/generic/pgf/basiclayer\pgfcorequick.code.tex
File: pgfcorequick.code.tex 2023-01-15 v3.1.10 (3.1.10)
)
(C:\Progs\Entwicklung\Miktex\tex/generic/pgf/basiclayer\pgfcoreobjects.code.tex
File: pgfcoreobjects.code.tex 2023-01-15 v3.1.10 (3.1.10)
)
(C:\Progs\Entwicklung\Miktex\tex/generic/pgf/basiclayer\pgfcorepathprocessing.c
ode.tex
File: pgfcorepathprocessing.code.tex 2023-01-15 v3.1.10 (3.1.10)
) (C:\Progs\Entwicklung\Miktex\tex/generic/pgf/basiclayer\pgfcorearrows.code.te
x
File: pgfcorearrows.code.tex 2023-01-15 v3.1.10 (3.1.10)
\pgfarrowsep=\dimen193
) (C:\Progs\Entwicklung\Miktex\tex/generic/pgf/basiclayer\pgfcoreshade.code.tex
File: pgfcoreshade.code.tex 2023-01-15 v3.1.10 (3.1.10)
\pgf@max=\dimen194
\pgf@sys@shading@range@num=\count286
\pgf@shadingcount=\count287
) (C:\Progs\Entwicklung\Miktex\tex/generic/pgf/basiclayer\pgfcoreimage.code.tex
File: pgfcoreimage.code.tex 2023-01-15 v3.1.10 (3.1.10)
)
(C:\Progs\Entwicklung\Miktex\tex/generic/pgf/basiclayer\pgfcoreexternal.code.te
x
File: pgfcoreexternal.code.tex 2023-01-15 v3.1.10 (3.1.10)
\pgfexternal@startupbox=\box64
) (C:\Progs\Entwicklung\Miktex\tex/generic/pgf/basiclayer\pgfcorelayers.code.te
x
File: pgfcorelayers.code.tex 2023-01-15 v3.1.10 (3.1.10)
)
(C:\Progs\Entwicklung\Miktex\tex/generic/pgf/basiclayer\pgfcoretransparency.cod
e.tex
File: pgfcoretransparency.code.tex 2023-01-15 v3.1.10 (3.1.10)
)
(C:\Progs\Entwicklung\Miktex\tex/generic/pgf/basiclayer\pgfcorepatterns.code.te
x
File: pgfcorepatterns.code.tex 2023-01-15 v3.1.10 (3.1.10)
) (C:\Progs\Entwicklung\Miktex\tex/generic/pgf/basiclayer\pgfcorerdf.code.tex
File: pgfcorerdf.code.tex 2023-01-15 v3.1.10 (3.1.10)
))) (C:\Progs\Entwicklung\Miktex\tex/generic/pgf/modules\pgfmoduleshapes.code.t
ex
File: pgfmoduleshapes.code.tex 2023-01-15 v3.1.10 (3.1.10)
\pgfnodeparttextbox=\box65
) (C:\Progs\Entwicklung\Miktex\tex/generic/pgf/modules\pgfmoduleplot.code.tex
File: pgfmoduleplot.code.tex 2023-01-15 v3.1.10 (3.1.10)
)
(C:\Progs\Entwicklung\Miktex\tex/latex/pgf/compatibility\pgfcomp-version-0-65.s
ty
Package: pgfcomp-version-0-65 2023-01-15 v3.1.10 (3.1.10)
\pgf@nodesepstart=\dimen195
\pgf@nodesepend=\dimen196
)
(C:\Progs\Entwicklung\Miktex\tex/latex/pgf/compatibility\pgfcomp-version-1-18.s
ty
Package: pgfcomp-version-1-18 2023-01-15 v3.1.10 (3.1.10)
)) (C:\Progs\Entwicklung\Miktex\tex/latex/pgf/utilities\pgffor.sty (C:\Progs\En
twicklung\Miktex\tex/latex/pgf/utilities\pgfkeys.sty (C:\Progs\Entwicklung\Mikt
ex\tex/generic/pgf/utilities\pgfkeys.code.tex)) (C:\Progs\Entwicklung\Miktex\te
x/latex/pgf/math\pgfmath.sty (C:\Progs\Entwicklung\Miktex\tex/generic/pgf/math\
pgfmath.code.tex)) (C:\Progs\Entwicklung\Miktex\tex/generic/pgf/utilities\pgffo
r.code.tex
Package: pgffor 2023-01-15 v3.1.10 (3.1.10)
\pgffor@iter=\dimen197
\pgffor@skip=\dimen198
\pgffor@stack=\toks37
\pgffor@toks=\toks38
)) (C:\Progs\Entwicklung\Miktex\tex/generic/pgf/frontendlayer/tikz\tikz.code.te
x
Package: tikz 2023-01-15 v3.1.10 (3.1.10)

(C:\Progs\Entwicklung\Miktex\tex/generic/pgf/libraries\pgflibraryplothandlers.c
ode.tex
File: pgflibraryplothandlers.code.tex 2023-01-15 v3.1.10 (3.1.10)
\pgf@plot@mark@count=\count288
\pgfplotmarksize=\dimen199
)
\tikz@lastx=\dimen256
\tikz@lasty=\dimen257
\tikz@lastxsaved=\dimen258
\tikz@lastysaved=\dimen259
\tikz@lastmovetox=\dimen260
\tikz@lastmovetoy=\dimen261
\tikzleveldistance=\dimen262
\tikzsiblingdistance=\dimen263
\tikz@figbox=\box66
\tikz@figbox@bg=\box67
\tikz@tempbox=\box68
\tikz@tempbox@bg=\box69
\tikztreelevel=\count289
\tikznumberofchildren=\count290
\tikznumberofcurrentchild=\count291
\tikz@fig@count=\count292
(C:\Progs\Entwicklung\Miktex\tex/generic/pgf/modules\pgfmodulematrix.code.tex
File: pgfmodulematrix.code.tex 2023-01-15 v3.1.10 (3.1.10)
\pgfmatrixcurrentrow=\count293
\pgfmatrixcurrentcolumn=\count294
\pgf@matrix@numberofcolumns=\count295
)
\tikz@expandcount=\count296

(C:\Progs\Entwicklung\Miktex\tex/generic/pgf/frontendlayer/tikz/libraries\tikzl
ibrarytopaths.code.tex
File: tikzlibrarytopaths.code.tex 2023-01-15 v3.1.10 (3.1.10)
))) (C:\Progs\Entwicklung\Miktex\tex/latex/hyperref\hyperref.sty
Package: hyperref 2023-11-26 v7.01g Hypertext links for LaTeX
(C:\Progs\Entwicklung\Miktex\tex/generic/iftex\iftex.sty
Package: iftex 2022/02/03 v1.0f TeX engine tests
) (C:\Progs\Entwicklung\Miktex\tex/generic/infwarerr\infwarerr.sty
Package: infwarerr 2019/12/03 v1.5 Providing info/warning/error messages (HO)
) (C:\Progs\Entwicklung\Miktex\tex/latex/kvsetkeys\kvsetkeys.sty
Package: kvsetkeys 2022-10-05 v1.19 Key value parser (HO)
) (C:\Progs\Entwicklung\Miktex\tex/generic/kvdefinekeys\kvdefinekeys.sty
Package: kvdefinekeys 2019-12-19 v1.6 Define keys (HO)
) (C:\Progs\Entwicklung\Miktex\tex/generic/pdfescape\pdfescape.sty
Package: pdfescape 2019/12/09 v1.15 Implements pdfTeX's escape features (HO)
(C:\Progs\Entwicklung\Miktex\tex/generic/ltxcmds\ltxcmds.sty
Package: ltxcmds 2023-12-04 v1.26 LaTeX kernel commands for general use (HO)
) (C:\Progs\Entwicklung\Miktex\tex/generic/pdftexcmds\pdftexcmds.sty
Package: pdftexcmds 2020-06-27 v0.33 Utility functions of pdfTeX for LuaTeX (HO
)
Package pdftexcmds Info: \pdf@primitive is available.
Package pdftexcmds Info: \pdf@ifprimitive is available.
Package pdftexcmds Info: \pdfdraftmode found.
)) (C:\Progs\Entwicklung\Miktex\tex/latex/hycolor\hycolor.sty
Package: hycolor 2020-01-27 v1.10 Color options for hyperref/bookmark (HO)
) (C:\Progs\Entwicklung\Miktex\tex/latex/letltxmacro\letltxmacro.sty
Package: letltxmacro 2019/12/03 v1.6 Let assignment for LaTeX macros (HO)
) (C:\Progs\Entwicklung\Miktex\tex/latex/auxhook\auxhook.sty
Package: auxhook 2019-12-17 v1.6 Hooks for auxiliary files (HO)
) (C:\Progs\Entwicklung\Miktex\tex/latex/hyperref\nameref.sty
Package: nameref 2023-11-26 v2.56 Cross-referencing by name of section
(C:\Progs\Entwicklung\Miktex\tex/latex/refcount\refcount.sty
Package: refcount 2019/12/15 v3.6 Data extraction from label references (HO)
) (C:\Progs\Entwicklung\Miktex\tex/generic/gettitlestring\gettitlestring.sty
Package: gettitlestring 2019/12/15 v1.6 Cleanup title references (HO)
(C:\Progs\Entwicklung\Miktex\tex/latex/kvoptions\kvoptions.sty
Package: kvoptions 2022-06-15 v3.15 Key value format for package options (HO)
))
\c@section@level=\count297
) (C:\Progs\Entwicklung\Miktex\tex/latex/etoolbox\etoolbox.sty
Package: etoolbox 2020/10/05 v2.5k e-TeX tools for LaTeX (JAW)
\etb@tempcnta=\count298
)
\@linkdim=\dimen264
\Hy@linkcounter=\count299
\Hy@pagecounter=\count300
(C:\Progs\Entwicklung\Miktex\tex/latex/hyperref\pd1enc.def
File: pd1enc.def 2023-11-26 v7.01g Hyperref: PDFDocEncoding definition (HO)
Now handling font encoding PD1 ...
... no UTF-8 mapping file for font encoding PD1
) (C:\Progs\Entwicklung\Miktex\tex/generic/intcalc\intcalc.sty
Package: intcalc 2019/12/15 v1.3 Expandable calculations with integers (HO)
)
\Hy@SavedSpaceFactor=\count301
(C:\Progs\Entwicklung\Miktex\tex/latex/hyperref\puenc.def
File: puenc.def 2023-11-26 v7.01g Hyperref: PDF Unicode definition (HO)
Now handling font encoding PU ...
... no UTF-8 mapping file for font encoding PU
)
Package hyperref Info: Hyper figures OFF on input line 4181.
Package hyperref Info: Link nesting OFF on input line 4186.
Package hyperref Info: Hyper index ON on input line 4189.
Package hyperref Info: Plain pages OFF on input line 4196.
Package hyperref Info: Backreferencing OFF on input line 4201.
Package hyperref Info: Implicit mode ON; LaTeX internals redefined.
Package hyperref Info: Bookmarks ON on input line 4448.
\c@Hy@tempcnt=\count302
(C:\Progs\Entwicklung\Miktex\tex/latex/url\url.sty
\Urlmuskip=\muskip17
Package: url 2013/09/16  ver 3.4  Verb mode for urls, etc.
)
LaTeX Info: Redefining \url on input line 4786.
\XeTeXLinkMargin=\dimen265
(C:\Progs\Entwicklung\Miktex\tex/generic/bitset\bitset.sty
Package: bitset 2019/12/09 v1.3 Handle bit-vector datatype (HO)
(C:\Progs\Entwicklung\Miktex\tex/generic/bigintcalc\bigintcalc.sty
Package: bigintcalc 2019/12/15 v1.5 Expandable calculations on big integers (HO
)
))
\Fld@menulength=\count303
\Field@Width=\dimen266
\Fld@charsize=\dimen267
Package hyperref Info: Hyper figures OFF on input line 6065.
Package hyperref Info: Link nesting OFF on input line 6070.
Package hyperref Info: Hyper index ON on input line 6073.
Package hyperref Info: backreferencing OFF on input line 6080.
Package hyperref Info: Link coloring OFF on input line 6085.
Package hyperref Info: Link coloring with OCG OFF on input line 6090.
Package hyperref Info: PDF/A mode OFF on input line 6095.
(C:\Progs\Entwicklung\Miktex\tex/latex/base\atbegshi-ltx.sty
Package: atbegshi-ltx 2021/01/10 v1.0c Emulation of the original atbegshi
package with kernel methods
)
\Hy@abspage=\count304
\c@Item=\count305
\c@Hfootnote=\count306
)
Package hyperref Info: Driver (autodetected): hpdftex.
(C:\Progs\Entwicklung\Miktex\tex/latex/hyperref\hpdftex.def
File: hpdftex.def 2023-11-26 v7.01g Hyperref driver for pdfTeX
(C:\Progs\Entwicklung\Miktex\tex/latex/base\atveryend-ltx.sty
Package: atveryend-ltx 2020/08/19 v1.0a Emulation of the original atveryend pac
kage
with kernel methods
)
\Fld@listcount=\count307
\c@bookmark@seq@number=\count308
(C:\Progs\Entwicklung\Miktex\tex/latex/rerunfilecheck\rerunfilecheck.sty
Package: rerunfilecheck 2025-06-21 v1.11 Rerun checks for auxiliary files (HO)
(C:\Progs\Entwicklung\Miktex\tex/generic/uniquecounter\uniquecounter.sty
Package: uniquecounter 2019/12/15 v1.4 Provide unlimited unique counter (HO)
)
Package uniquecounter Info: New unique counter `rerunfilecheck' on input line 2
84.
)
\Hy@SectionHShift=\skip71
) (C:\Progs\Entwicklung\Miktex\tex/latex/spverbatim\spverbatim.sty
Package: spverbatim 2009/08/10 v1.0 Verbatim with breakable spaces
) (C:\Progs\Entwicklung\Miktex\tex/latex/breqn\flexisym.sty (C:\Progs\Entwicklu
ng\Miktex\tex/latex/l3kernel\expl3.sty
Package: expl3 2024-01-04 L3 programming layer (loader) 
(C:\Progs\Entwicklung\Miktex\tex/latex/l3backend\l3backend-pdftex.def
File: l3backend-pdftex.def 2024-01-04 L3 backend support: PDF output (pdfTeX)
\l__color_backend_stack_int=\count309
\l__pdf_internal_box=\box70
))
Package: flexisym 2021/10/28 v0.98l Make math characters macros
LaTeX Info: Redefining \textprime on input line 299.
LaTeX Info: Redefining \not on input line 357.
(C:\Progs\Entwicklung\Miktex\tex/latex/breqn\cmbase.sym
File: cmbase.sym 2007/12/19 v0.92
LaTeX Info: Redefining \hbar on input line 324.
LaTeX Info: Redefining \surd on input line 326.
LaTeX Info: Redefining \angle on input line 334.
LaTeX Info: Redefining \neq on input line 335.
LaTeX Info: Redefining \mapsto on input line 336.
LaTeX Info: Redefining \cong on input line 337.
LaTeX Info: Redefining \notin on input line 340.
LaTeX Info: Redefining \rightleftharpoons on input line 341.
LaTeX Info: Redefining \doteq on input line 342.
LaTeX Info: Redefining \hookrightarrow on input line 343.
LaTeX Info: Redefining \hookleftarrow on input line 344.
LaTeX Info: Redefining \bowtie on input line 345.
LaTeX Info: Redefining \models on input line 346.
LaTeX Info: Redefining \Longrightarrow on input line 347.
LaTeX Info: Redefining \longrightarrow on input line 348.
LaTeX Info: Redefining \Longleftarrow on input line 349.
LaTeX Info: Redefining \longleftarrow on input line 350.
LaTeX Info: Redefining \longmapsto on input line 351.
LaTeX Info: Redefining \longleftrightarrow on input line 352.
LaTeX Info: Redefining \Longleftrightarrow on input line 353.
LaTeX Info: Redefining \cdots on input line 357.
LaTeX Info: Redefining \vdots on input line 360.
LaTeX Info: Redefining \ddots on input line 365.
) (C:\Progs\Entwicklung\Miktex\tex/latex/breqn\mathstyle.sty
Package: mathstyle 2021/10/28 v0.98l Tracking mathstyle implicitly
LaTeX Info: Redefining \displaystyle on input line 95.
LaTeX Info: Redefining \textstyle on input line 97.
LaTeX Info: Redefining \scriptstyle on input line 99.
LaTeX Info: Redefining \scriptscriptstyle on input line 101.
LaTeX Info: Redefining \genfrac on input line 149.
)) (C:\Progs\Entwicklung\Miktex\tex/latex/breqn\breqn.sty
Package: breqn 2021/10/28 v0.98l Breaking equations
(C:\Progs\Entwicklung\Miktex\tex/latex/tools\calc.sty
Package: calc 2023/07/08 v4.3 Infix arithmetic (KKT,FJ)
\calc@Acount=\count310
\calc@Bcount=\count311
\calc@Adimen=\dimen268
\calc@Bdimen=\dimen269
\calc@Askip=\skip72
\calc@Bskip=\skip73
LaTeX Info: Redefining \setlength on input line 80.
LaTeX Info: Redefining \addtolength on input line 81.
\calc@Ccount=\count312
\calc@Cskip=\skip74
)
\inf@bad=\count313
\maxint=\count314
\listwidth=\dimen270
\eqnumsep=\dimen271
\eqmargin=\dimen272
\eqlinespacing=\skip75
\eqlineskip=\skip76
\eqlineskiplimit=\dimen273
\eqbinoffset=\muskip18
\eqdelimoffset=\muskip19
\eqindentstep=\dimen274
\eqstyle=\toks39
\eqbreakdepth=\count315
\eqinterlinepenalty=\count316
\intereqpenalty=\count317
\intereqskip=\skip77
\prerelpenalty=\count318
\prebinoppenalty=\count319
\Dmedmuskip=\muskip20
\Dthickmuskip=\muskip21
\eqleftskip=\skip78
\eqrightskip=\skip79
\eq@vspan=\skip80
\eq@binoffset=\muskip22
\EQ@box=\box71
\EQ@copy=\box72
\EQ@numbox=\box73
\eq@wdNum=\dimen275
\GRP@numbox=\box74
\grp@wdNum=\dimen276
\eq@lines=\count320
\eq@curline=\count321
\eq@badness=\count322
\EQ@vims=\count323
\eq@dp=\dimen277
\eq@wdL=\dimen278
\eq@wdT=\dimen279
\eq@wdMin=\dimen280
\grp@wdL=\dimen281
\grp@wdR=\dimen282
\grp@wdT=\dimen283
\eq@wdRmax=\dimen284
\eq@firstht=\dimen285
\eq@wdCond=\dimen286
\eq@indentstep=\dimen287
\eq@linewidth=\dimen288
\grp@linewidth=\dimen289
\eq@hshift=\dimen290
\eq@given@sidespace=\dimen291
\mathindent=\dimen292
\eq@final@linecount=\count324
\eq@wdR=\dimen293
\EQ@continue=\toks40
\lr@level=\count325
\GRP@queue=\toks41
\GRP@box=\box75
\GRP@wholebox=\box76
\darraycolsep=\skip81
\cur@row=\count326
\cur@col=\count327
\conditionsep=\skip82
) (C:\Progs\Entwicklung\Miktex\tex/latex/was\upgreek.sty
Package: upgreek 2003/02/12 v2.0 (WaS)
Package upgreek Info: Using Euler Roman for upright Greek on input line 31.
\symugrf@m=\mathgroup4
LaTeX Font Info:    Overwriting symbol font `ugrf@m' in version `bold'
(Font)                  U/eur/m/n --> U/eur/b/n on input line 38.
) (C:\Progs\Entwicklung\Miktex\tex/latex/upquote\upquote.sty
Package: upquote 2012/04/19 v1.3 upright-quote and grave-accent glyphs in verba
tim
)
Class scrartcl Info: loading recommended package `bookmark'.
(scrartcl)           Using `bookmark' together with `hyperref' is recommended,
(scrartcl)           because of handling of possible bookmark level gaps.
(scrartcl)           You can avoid loading `bookmark' with KOMA-Script option
(scrartcl)           `bookmarkpackage=false' before \begin{document} and
(scrartcl)           you can avoid this message adding:
(scrartcl)             \usepackage{bookmark}
(scrartcl)           before \begin{document} on input line 68.
(C:\Progs\Entwicklung\Miktex\tex/latex/bookmark\bookmark.sty
Package: bookmark 2023-12-10 v1.31 PDF bookmarks (HO)
(C:\Progs\Entwicklung\Miktex\tex/latex/bookmark\bkm-pdftex.def
File: bkm-pdftex.def 2023-12-10 v1.31 bookmark driver for pdfTeX and luaTeX (HO
)
\BKM@id=\count328
)) (BAYAS_report_1.aux)
\openout1 = `BAYAS_report_1.aux'.

LaTeX Font Info:    Checking defaults for OML/cmm/m/it on input line 68.
LaTeX Font Info:    ... okay on input line 68.
LaTeX Font Info:    Checking defaults for OMS/cmsy/m/n on input line 68.
LaTeX Font Info:    ... okay on input line 68.
LaTeX Font Info:    Checking defaults for OT1/cmr/m/n on input line 68.
LaTeX Font Info:    ... okay on input line 68.
LaTeX Font Info:    Checking defaults for T1/cmr/m/n on input line 68.
LaTeX Font Info:    ... okay on input line 68.
LaTeX Font Info:    Checking defaults for TS1/cmr/m/n on input line 68.
LaTeX Font Info:    ... okay on input line 68.
LaTeX Font Info:    Checking defaults for OMX/cmex/m/n on input line 68.
LaTeX Font Info:    ... okay on input line 68.
LaTeX Font Info:    Checking defaults for U/cmr/m/n on input line 68.
LaTeX Font Info:    ... okay on input line 68.
LaTeX Font Info:    Checking defaults for PD1/pdf/m/n on input line 68.
LaTeX Font Info:    ... okay on input line 68.
LaTeX Font Info:    Checking defaults for PU/pdf/m/n on input line 68.
LaTeX Font Info:    ... okay on input line 68.
Package scrbase Info: activating english \abstractname on input line 68.
Package scrbase Info: activating english \partname on input line 68.
Package scrbase Info: activating english \figurename on input line 68.
Package scrbase Info: activating english \tablename on input line 68.
Package scrbase Info: activating english \contentsname on input line 68.
Package scrbase Info: activating english \listfigurename on input line 68.
Package scrbase Info: activating english \listtablename on input line 68.
Package scrbase Info: activating english \refname on input line 68.
Package scrbase Info: activating english \indexname on input line 68.
(C:\Progs\Entwicklung\Miktex\tex/context/base/mkii\supp-pdf.mkii
[Loading MPS to PDF converter (version 2006.09.02).]
\scratchcounter=\count329
\scratchdimen=\dimen294
\scratchbox=\box77
\nofMPsegments=\count330
\nofMParguments=\count331
\everyMPshowfont=\toks42
\MPscratchCnt=\count332
\MPscratchDim=\dimen295
\MPnumerator=\count333
\makeMPintoPDFobject=\count334
\everyMPtoPDFconversion=\toks43
) (C:\Progs\Entwicklung\Miktex\tex/latex/epstopdf-pkg\epstopdf-base.sty
Package: epstopdf-base 2020-01-24 v2.11 Base part for package epstopdf
Package epstopdf-base Info: Redefining graphics rule for `.eps' on input line 4
85.
(C:\Progs\Entwicklung\Miktex\tex/latex/00miktex\epstopdf-sys.cfg
File: epstopdf-sys.cfg 2021/03/18 v2.0 Configuration of epstopdf for MiKTeX
))
Package hyperref Info: Link coloring OFF on input line 68.
Class scrartcl Info: File `scrsize11pt.clo' used to setup font sizes on input l
ine 73.
(C:\Progs\Entwicklung\Miktex\tex/latex/koma-script\scrsize11pt.clo
File: scrsize11pt.clo 2026/02/02 v3.49.2 KOMA-Script font size class option (11
pt)
)
Underfull \hbox (badness 10000) in paragraph at lines 106--107

 []

[1


{C:/Users/cjw/AppData/Local/MiKTeX/fonts/map/pdftex/pdftex.map}]
Underfull \hbox (badness 10000) in paragraph at lines 123--124

 []


Underfull \hbox (badness 10000) in paragraph at lines 128--128

 []


Underfull \hbox (badness 10000) in paragraph at lines 129--134

 []

[2] [3]
Underfull \hbox (badness 10000) in paragraph at lines 184--188

 []



pdfTeX warning: pdflatex.exe (file F:/Dateien/Arbeit/Bioinf/BAYAS/0_BAYAS_githu
b/BAYAS/Report/Images/id-4_model-Two_Groups_comparison_goal-sex_diff_4.pdf): PD
F inclusion: found PDF version <1.7>, but at most version <1.5> allowed
<F:/Dateien/Arbeit/Bioinf/BAYAS/0_BAYAS_github/BAYAS/Report/Images/id-4_model-T
wo_Groups_comparison_goal-sex_diff_4.pdf, id=39, 397.485pt x 397.485pt>
File: F:/Dateien/Arbeit/Bioinf/BAYAS/0_BAYAS_github/BAYAS/Report/Images/id-4_mo
del-Two_Groups_comparison_goal-sex_diff_4.pdf Graphic file (type pdf)
<use F:/Dateien/Arbeit/Bioinf/BAYAS/0_BAYAS_github/BAYAS/Report/Images/id-4_mod
el-Two_Groups_comparison_goal-sex_diff_4.pdf>
Package pdftex.def Info: F:/Dateien/Arbeit/Bioinf/BAYAS/0_BAYAS_github/BAYAS/Re
port/Images/id-4_model-Two_Groups_comparison_goal-sex_diff_4.pdf  used on input
 line 199.
(pdftex.def)             Requested size: 397.48402pt x 397.48402pt.

Underfull \hbox (badness 10000) in paragraph at lines 189--201

 []

[4]

pdfTeX warning: pdflatex.exe (file F:/Dateien/Arbeit/Bioinf/BAYAS/0_BAYAS_githu
b/BAYAS/Report/Images/id-4_model-Two_Groups_comparison_4_resultGraph.pdf): PDF 
inclusion: found PDF version <1.7>, but at most version <1.5> allowed
<F:/Dateien/Arbeit/Bioinf/BAYAS/0_BAYAS_github/BAYAS/Report/Images/id-4_model-T
wo_Groups_comparison_4_resultGraph.pdf, id=49, 397.485pt x 397.485pt>
File: F:/Dateien/Arbeit/Bioinf/BAYAS/0_BAYAS_github/BAYAS/Report/Images/id-4_mo
del-Two_Groups_comparison_4_resultGraph.pdf Graphic file (type pdf)
<use F:/Dateien/Arbeit/Bioinf/BAYAS/0_BAYAS_github/BAYAS/Report/Images/id-4_mod
el-Two_Groups_comparison_4_resultGraph.pdf>
Package pdftex.def Info: F:/Dateien/Arbeit/Bioinf/BAYAS/0_BAYAS_github/BAYAS/Re
port/Images/id-4_model-Two_Groups_comparison_4_resultGraph.pdf  used on input l
ine 211.
(pdftex.def)             Requested size: 397.48402pt x 397.48402pt.

Underfull \hbox (badness 1939) in paragraph at lines 212--212
[][][]\OT1/cmr/m/n/10.95 Sample sizes (hor-i-zon-tal axis) sim-u-lated in sam-p
le size de-ter-mi-na-tion
 []


Underfull \hbox (badness 10000) in paragraph at lines 203--214

 []

[5 <F:/Dateien/Arbeit/Bioinf/BAYAS/0_BAYAS_github/BAYAS/Report/Images/id-4_mode
l-Two_Groups_comparison_goal-sex_diff_4.pdf>] [6 <F:/Dateien/Arbeit/Bioinf/BAYA
S/0_BAYAS_github/BAYAS/Report/Images/id-4_model-Two_Groups_comparison_4_resultG
raph.pdf>] [7]
No file BAYAS_report_1.bbl.
(BAYAS_report_1.aux)
 ***********
LaTeX2e <2023-11-01> patch level 1
L3 programming layer <2024-01-04>
 ***********

LaTeX Warning: Label(s) may have changed. Rerun to get cross-references right.

 ) 
Here is how much of TeX's memory you used:
 24338 strings out of 474486
 471459 string characters out of 5751734
 1936542 words of memory out of 5000000
 46222 multiletter control sequences out of 15000+600000
 567471 words of font info for 67 fonts, out of 8000000 for 9000
 1141 hyphenation exceptions out of 8191
 108i,12n,107p,11298b,485s stack positions out of 10000i,1000n,20000p,200000b,200000s
<C:/Progs/Entwicklung/Miktex/fonts/type1/public/amsfonts/cm/cmmi10.pfb><C:/Pr
ogs/Entwicklung/Miktex/fonts/type1/public/amsfonts/cm/cmmi8.pfb><C:/Progs/Entwi
cklung/Miktex/fonts/type1/public/amsfonts/cm/cmr10.pfb><C:/Progs/Entwicklung/Mi
ktex/fonts/type1/public/amsfonts/cm/cmr12.pfb><C:/Progs/Entwicklung/Miktex/font
s/type1/public/amsfonts/cm/cmr8.pfb><C:/Progs/Entwicklung/Miktex/fonts/type1/pu
blic/amsfonts/cm/cmssbx10.pfb><C:/Progs/Entwicklung/Miktex/fonts/type1/public/a
msfonts/cm/cmsy10.pfb><C:/Progs/Entwicklung/Miktex/fonts/type1/public/amsfonts/
cm/cmti10.pfb>
Output written on BAYAS_report_1.pdf (7 pages, 164810 bytes).
PDF statistics:
 159 PDF objects out of 1000 (max. 8388607)
 25 named destinations out of 1000 (max. 500000)
 111 words of extra memory for PDF output out of 10000 (max. 10000000)

